Mensaje I / 00:00:00:000 / Root(00) para top(01)
Mensaje I / 00:00:00:000 / top(01) para torre(02)
Mensaje I / 00:00:00:000 / top(01) para cola_aterrizaje(03)
Mensaje I / 00:00:00:000 / top(01) para cola_despegue(04)
Mensaje I / 00:00:00:000 / top(01) para pista(05)
Mensaje I / 00:00:00:000 / top(01) para hangar(06)
Mensaje D / 00:00:00:000 / torre(02) / ... para top(01)
Mensaje D / 00:00:00:000 / cola_aterrizaje(03) / ... para top(01)
Mensaje D / 00:00:00:000 / cola_despegue(04) / ... para top(01)
Mensaje D / 00:00:00:000 / pista(05) / ... para top(01)
Mensaje I / 00:00:00:000 / hangar(06) para selector(07)
Mensaje I / 00:00:00:000 / hangar(06) para deposito1(08)
Mensaje I / 00:00:00:000 / hangar(06) para deposito2(09)
Mensaje I / 00:00:00:000 / hangar(06) para deposito3(10)
Mensaje I / 00:00:00:000 / hangar(06) para deposito4(11)
Mensaje I / 00:00:00:000 / hangar(06) para 4_to_1(12)
Mensaje D / 00:00:00:000 / selector(07) / ... para hangar(06)
Mensaje D / 00:00:00:000 / deposito1(08) / ... para hangar(06)
Mensaje D / 00:00:00:000 / deposito2(09) / ... para hangar(06)
Mensaje D / 00:00:00:000 / deposito3(10) / ... para hangar(06)
Mensaje D / 00:00:00:000 / deposito4(11) / ... para hangar(06)
Mensaje D / 00:00:00:000 / 4_to_1(12) / ... para hangar(06)
Mensaje D / 00:00:00:000 / hangar(06) / ... para top(01)
Mensaje D / 00:00:00:000 / top(01) / ... para Root(00)
Mensaje X / 00:01:00:000 / Root(00) / in_a /      1.11100 para top(01)
Mensaje X / 00:01:00:000 / top(01) / in /      1.11100 para cola_aterrizaje(03)
Mensaje D / 00:01:00:000 / cola_aterrizaje(03) / 00:00:00:000 para top(01)
Mensaje D / 00:01:00:000 / top(01) / 00:00:00:000 para Root(00)
Mensaje X / 00:01:00:000 / Root(00) / in_a /    250.11099 para top(01)
Mensaje X / 00:01:00:000 / top(01) / in /    250.11099 para cola_aterrizaje(03)
Mensaje D / 00:01:00:000 / cola_aterrizaje(03) / 00:00:00:000 para top(01)
Mensaje D / 00:01:00:000 / top(01) / 00:00:00:000 para Root(00)
Mensaje X / 00:01:00:000 / Root(00) / in_a /    500.11099 para top(01)
Mensaje X / 00:01:00:000 / top(01) / in /    500.11099 para cola_aterrizaje(03)
Mensaje D / 00:01:00:000 / cola_aterrizaje(03) / 00:00:00:000 para top(01)
Mensaje D / 00:01:00:000 / top(01) / 00:00:00:000 para Root(00)
Mensaje X / 00:01:00:000 / Root(00) / in_a /    999.11102 para top(01)
Mensaje X / 00:01:00:000 / top(01) / in /    999.11102 para cola_aterrizaje(03)
Mensaje D / 00:01:00:000 / cola_aterrizaje(03) / 00:00:00:000 para top(01)
Mensaje D / 00:01:00:000 / top(01) / 00:00:00:000 para Root(00)
Mensaje X / 00:01:00:000 / Root(00) / in_a /    900.11102 para top(01)
Mensaje X / 00:01:00:000 / top(01) / in /    900.11102 para cola_aterrizaje(03)
Mensaje D / 00:01:00:000 / cola_aterrizaje(03) / 00:00:00:000 para top(01)
Mensaje D / 00:01:00:000 / top(01) / 00:00:00:000 para Root(00)
Mensaje X / 00:01:00:000 / Root(00) / in_a /      2.22200 para top(01)
Mensaje X / 00:01:00:000 / top(01) / in /      2.22200 para cola_aterrizaje(03)
Mensaje D / 00:01:00:000 / cola_aterrizaje(03) / 00:00:00:000 para top(01)
Mensaje D / 00:01:00:000 / top(01) / 00:00:00:000 para Root(00)
Mensaje * / 00:01:00:000 / Root(00) para top(01)
Mensaje * / 00:01:00:000 / top(01) para cola_aterrizaje(03)
Mensaje Y / 00:01:00:000 / cola_aterrizaje(03) / out /      1.11100 para top(01)
Mensaje D / 00:01:00:000 / cola_aterrizaje(03) / ... para top(01)
Mensaje X / 00:01:00:000 / top(01) / in_a /      1.11100 para torre(02)
Mensaje Y / 00:01:00:000 / torre(02) / stop_a /      1.00000 para top(01)
Mensaje Y / 00:01:00:000 / torre(02) / stop_d /      1.00000 para top(01)
Mensaje Y / 00:01:00:000 / torre(02) / aterriza /      1.11100 para top(01)
Mensaje D / 00:01:00:000 / torre(02) / 00:01:00:000 para top(01)
Mensaje X / 00:01:00:000 / top(01) / stop /      1.00000 para cola_aterrizaje(03)
Mensaje X / 00:01:00:000 / top(01) / stop /      1.00000 para cola_despegue(04)
Mensaje X / 00:01:00:000 / top(01) / aterriza /      1.11100 para pista(05)
Mensaje D / 00:01:00:000 / cola_aterrizaje(03) / ... para top(01)
Mensaje D / 00:01:00:000 / cola_despegue(04) / ... para top(01)
Mensaje D / 00:01:00:000 / pista(05) / 00:00:00:000 para top(01)
Mensaje D / 00:01:00:000 / top(01) / 00:00:00:000 para Root(00)
Mensaje * / 00:01:00:000 / Root(00) para top(01)
Mensaje * / 00:01:00:000 / top(01) para pista(05)
Mensaje Y / 00:01:00:000 / pista(05) / salida_a /      1.11100 para top(01)
Mensaje D / 00:01:00:000 / pista(05) / ... para top(01)
Mensaje X / 00:01:00:000 / top(01) / in /      1.11100 para hangar(06)
Mensaje X / 00:01:00:000 / hangar(06) / in /      1.11100 para selector(07)
Mensaje D / 00:01:00:000 / selector(07) / 00:00:30:000 para hangar(06)
Mensaje D / 00:01:00:000 / hangar(06) / 00:00:30:000 para top(01)
Mensaje D / 00:01:00:000 / top(01) / 00:00:30:000 para Root(00)
Mensaje * / 00:01:30:000 / Root(00) para top(01)
Mensaje * / 00:01:30:000 / top(01) para hangar(06)
Mensaje * / 00:01:30:000 / hangar(06) para selector(07)
Mensaje Y / 00:01:30:000 / selector(07) / out1 /      1.11100 para hangar(06)
Mensaje D / 00:01:30:000 / selector(07) / ... para hangar(06)
Mensaje X / 00:01:30:000 / hangar(06) / in /      1.11100 para deposito1(08)
Mensaje D / 00:01:30:000 / deposito1(08) / 00:00:00:000 para hangar(06)
Mensaje D / 00:01:30:000 / hangar(06) / 00:00:00:000 para top(01)
Mensaje D / 00:01:30:000 / top(01) / 00:00:00:000 para Root(00)
Mensaje * / 00:01:30:000 / Root(00) para top(01)
Mensaje * / 00:01:30:000 / top(01) para hangar(06)
Mensaje * / 00:01:30:000 / hangar(06) para deposito1(08)
Mensaje Y / 00:01:30:000 / deposito1(08) / out /      1.11100 para hangar(06)
Mensaje D / 00:01:30:000 / deposito1(08) / ... para hangar(06)
Mensaje X / 00:01:30:000 / hangar(06) / in1 /      1.11100 para 4_to_1(12)
Mensaje D / 00:01:30:000 / 4_to_1(12) / 00:00:00:000 para hangar(06)
Mensaje D / 00:01:30:000 / hangar(06) / 00:00:00:000 para top(01)
Mensaje D / 00:01:30:000 / top(01) / 00:00:00:000 para Root(00)
Mensaje * / 00:01:30:000 / Root(00) para top(01)
Mensaje * / 00:01:30:000 / top(01) para hangar(06)
Mensaje * / 00:01:30:000 / hangar(06) para 4_to_1(12)
Mensaje Y / 00:01:30:000 / 4_to_1(12) / out /      1.11100 para hangar(06)
Mensaje D / 00:01:30:000 / 4_to_1(12) / ... para hangar(06)
Mensaje Y / 00:01:30:000 / hangar(06) / sale_hangar /      1.11100 para top(01)
Mensaje D / 00:01:30:000 / hangar(06) / ... para top(01)
Mensaje X / 00:01:30:000 / top(01) / in /      1.11100 para cola_despegue(04)
Mensaje D / 00:01:30:000 / cola_despegue(04) / 00:00:00:000 para top(01)
Mensaje D / 00:01:30:000 / top(01) / 00:00:00:000 para Root(00)
Mensaje * / 00:01:30:000 / Root(00) para top(01)
Mensaje * / 00:01:30:000 / top(01) para cola_despegue(04)
Mensaje D / 00:01:30:000 / cola_despegue(04) / ... para top(01)
Mensaje D / 00:01:30:000 / top(01) / 00:00:30:000 para Root(00)
Mensaje * / 00:02:00:000 / Root(00) para top(01)
Mensaje * / 00:02:00:000 / top(01) para torre(02)
Mensaje Y / 00:02:00:000 / torre(02) / done_a /      1.00000 para top(01)
Mensaje Y / 00:02:00:000 / torre(02) / done_d /      1.00000 para top(01)
Mensaje D / 00:02:00:000 / torre(02) / ... para top(01)
Mensaje X / 00:02:00:000 / top(01) / done /      1.00000 para cola_aterrizaje(03)
Mensaje X / 00:02:00:000 / top(01) / done /      1.00000 para cola_despegue(04)
Mensaje D / 00:02:00:000 / cola_aterrizaje(03) / 00:00:00:000 para top(01)
Mensaje D / 00:02:00:000 / cola_despegue(04) / 00:00:00:000 para top(01)
Mensaje D / 00:02:00:000 / top(01) / 00:00:00:000 para Root(00)
Mensaje * / 00:02:00:000 / Root(00) para top(01)
Mensaje * / 00:02:00:000 / top(01) para cola_aterrizaje(03)
Mensaje Y / 00:02:00:000 / cola_aterrizaje(03) / out /    250.11099 para top(01)
Mensaje D / 00:02:00:000 / cola_aterrizaje(03) / ... para top(01)
Mensaje X / 00:02:00:000 / top(01) / in_a /    250.11099 para torre(02)
Mensaje Y / 00:02:00:000 / torre(02) / stop_a /      1.00000 para top(01)
Mensaje Y / 00:02:00:000 / torre(02) / stop_d /      1.00000 para top(01)
Mensaje Y / 00:02:00:000 / torre(02) / aterriza /    250.11099 para top(01)
Mensaje D / 00:02:00:000 / torre(02) / 00:01:00:000 para top(01)
Mensaje X / 00:02:00:000 / top(01) / stop /      1.00000 para cola_aterrizaje(03)
Mensaje X / 00:02:00:000 / top(01) / stop /      1.00000 para cola_despegue(04)
Mensaje X / 00:02:00:000 / top(01) / aterriza /    250.11099 para pista(05)
Mensaje D / 00:02:00:000 / cola_aterrizaje(03) / ... para top(01)
Mensaje D / 00:02:00:000 / cola_despegue(04) / ... para top(01)
Mensaje D / 00:02:00:000 / pista(05) / 00:00:00:000 para top(01)
Mensaje D / 00:02:00:000 / top(01) / 00:00:00:000 para Root(00)
Mensaje * / 00:02:00:000 / Root(00) para top(01)
Mensaje * / 00:02:00:000 / top(01) para pista(05)
Mensaje Y / 00:02:00:000 / pista(05) / salida_a /    250.11099 para top(01)
Mensaje D / 00:02:00:000 / pista(05) / ... para top(01)
Mensaje X / 00:02:00:000 / top(01) / in /    250.11099 para hangar(06)
Mensaje X / 00:02:00:000 / hangar(06) / in /    250.11099 para selector(07)
Mensaje D / 00:02:00:000 / selector(07) / 00:00:30:000 para hangar(06)
Mensaje D / 00:02:00:000 / hangar(06) / 00:00:30:000 para top(01)
Mensaje D / 00:02:00:000 / top(01) / 00:00:30:000 para Root(00)
Mensaje * / 00:02:30:000 / Root(00) para top(01)
Mensaje * / 00:02:30:000 / top(01) para hangar(06)
Mensaje * / 00:02:30:000 / hangar(06) para selector(07)
Mensaje Y / 00:02:30:000 / selector(07) / out1 /    250.11099 para hangar(06)
Mensaje D / 00:02:30:000 / selector(07) / ... para hangar(06)
Mensaje X / 00:02:30:000 / hangar(06) / in /    250.11099 para deposito1(08)
Mensaje D / 00:02:30:000 / deposito1(08) / 00:00:00:000 para hangar(06)
Mensaje D / 00:02:30:000 / hangar(06) / 00:00:00:000 para top(01)
Mensaje D / 00:02:30:000 / top(01) / 00:00:00:000 para Root(00)
Mensaje * / 00:02:30:000 / Root(00) para top(01)
Mensaje * / 00:02:30:000 / top(01) para hangar(06)
Mensaje * / 00:02:30:000 / hangar(06) para deposito1(08)
Mensaje Y / 00:02:30:000 / deposito1(08) / out /    250.11099 para hangar(06)
Mensaje D / 00:02:30:000 / deposito1(08) / ... para hangar(06)
Mensaje X / 00:02:30:000 / hangar(06) / in1 /    250.11099 para 4_to_1(12)
Mensaje D / 00:02:30:000 / 4_to_1(12) / 00:00:00:000 para hangar(06)
Mensaje D / 00:02:30:000 / hangar(06) / 00:00:00:000 para top(01)
Mensaje D / 00:02:30:000 / top(01) / 00:00:00:000 para Root(00)
Mensaje * / 00:02:30:000 / Root(00) para top(01)
Mensaje * / 00:02:30:000 / top(01) para hangar(06)
Mensaje * / 00:02:30:000 / hangar(06) para 4_to_1(12)
Mensaje Y / 00:02:30:000 / 4_to_1(12) / out /    250.11099 para hangar(06)
Mensaje D / 00:02:30:000 / 4_to_1(12) / ... para hangar(06)
Mensaje Y / 00:02:30:000 / hangar(06) / sale_hangar /    250.11099 para top(01)
Mensaje D / 00:02:30:000 / hangar(06) / ... para top(01)
Mensaje X / 00:02:30:000 / top(01) / in /    250.11099 para cola_despegue(04)
Mensaje D / 00:02:30:000 / cola_despegue(04) / 00:00:00:000 para top(01)
Mensaje D / 00:02:30:000 / top(01) / 00:00:00:000 para Root(00)
Mensaje * / 00:02:30:000 / Root(00) para top(01)
Mensaje * / 00:02:30:000 / top(01) para cola_despegue(04)
Mensaje D / 00:02:30:000 / cola_despegue(04) / ... para top(01)
Mensaje D / 00:02:30:000 / top(01) / 00:00:30:000 para Root(00)
Mensaje * / 00:03:00:000 / Root(00) para top(01)
Mensaje * / 00:03:00:000 / top(01) para torre(02)
Mensaje Y / 00:03:00:000 / torre(02) / done_a /      1.00000 para top(01)
Mensaje Y / 00:03:00:000 / torre(02) / done_d /      1.00000 para top(01)
Mensaje D / 00:03:00:000 / torre(02) / ... para top(01)
Mensaje X / 00:03:00:000 / top(01) / done /      1.00000 para cola_aterrizaje(03)
Mensaje X / 00:03:00:000 / top(01) / done /      1.00000 para cola_despegue(04)
Mensaje D / 00:03:00:000 / cola_aterrizaje(03) / 00:00:00:000 para top(01)
Mensaje D / 00:03:00:000 / cola_despegue(04) / 00:00:00:000 para top(01)
Mensaje D / 00:03:00:000 / top(01) / 00:00:00:000 para Root(00)
Mensaje * / 00:03:00:000 / Root(00) para top(01)
Mensaje * / 00:03:00:000 / top(01) para cola_aterrizaje(03)
Mensaje Y / 00:03:00:000 / cola_aterrizaje(03) / out /    500.11099 para top(01)
Mensaje D / 00:03:00:000 / cola_aterrizaje(03) / ... para top(01)
Mensaje X / 00:03:00:000 / top(01) / in_a /    500.11099 para torre(02)
Mensaje Y / 00:03:00:000 / torre(02) / stop_a /      1.00000 para top(01)
Mensaje Y / 00:03:00:000 / torre(02) / stop_d /      1.00000 para top(01)
Mensaje Y / 00:03:00:000 / torre(02) / aterriza /    500.11099 para top(01)
Mensaje D / 00:03:00:000 / torre(02) / 00:01:00:000 para top(01)
Mensaje X / 00:03:00:000 / top(01) / stop /      1.00000 para cola_aterrizaje(03)
Mensaje X / 00:03:00:000 / top(01) / stop /      1.00000 para cola_despegue(04)
Mensaje X / 00:03:00:000 / top(01) / aterriza /    500.11099 para pista(05)
Mensaje D / 00:03:00:000 / cola_aterrizaje(03) / ... para top(01)
Mensaje D / 00:03:00:000 / cola_despegue(04) / ... para top(01)
Mensaje D / 00:03:00:000 / pista(05) / 00:00:00:000 para top(01)
Mensaje D / 00:03:00:000 / top(01) / 00:00:00:000 para Root(00)
Mensaje * / 00:03:00:000 / Root(00) para top(01)
Mensaje * / 00:03:00:000 / top(01) para pista(05)
Mensaje Y / 00:03:00:000 / pista(05) / salida_a /    500.11099 para top(01)
Mensaje D / 00:03:00:000 / pista(05) / ... para top(01)
Mensaje X / 00:03:00:000 / top(01) / in /    500.11099 para hangar(06)
Mensaje X / 00:03:00:000 / hangar(06) / in /    500.11099 para selector(07)
Mensaje D / 00:03:00:000 / selector(07) / 00:00:30:000 para hangar(06)
Mensaje D / 00:03:00:000 / hangar(06) / 00:00:30:000 para top(01)
Mensaje D / 00:03:00:000 / top(01) / 00:00:30:000 para Root(00)
Mensaje * / 00:03:30:000 / Root(00) para top(01)
Mensaje * / 00:03:30:000 / top(01) para hangar(06)
Mensaje * / 00:03:30:000 / hangar(06) para selector(07)
Mensaje Y / 00:03:30:000 / selector(07) / out3 /    500.11099 para hangar(06)
Mensaje D / 00:03:30:000 / selector(07) / ... para hangar(06)
Mensaje X / 00:03:30:000 / hangar(06) / in /    500.11099 para deposito3(10)
Mensaje D / 00:03:30:000 / deposito3(10) / 00:00:00:000 para hangar(06)
Mensaje D / 00:03:30:000 / hangar(06) / 00:00:00:000 para top(01)
Mensaje D / 00:03:30:000 / top(01) / 00:00:00:000 para Root(00)
Mensaje * / 00:03:30:000 / Root(00) para top(01)
Mensaje * / 00:03:30:000 / top(01) para hangar(06)
Mensaje * / 00:03:30:000 / hangar(06) para deposito3(10)
Mensaje Y / 00:03:30:000 / deposito3(10) / out /    500.11099 para hangar(06)
Mensaje D / 00:03:30:000 / deposito3(10) / ... para hangar(06)
Mensaje X / 00:03:30:000 / hangar(06) / in3 /    500.11099 para 4_to_1(12)
Mensaje D / 00:03:30:000 / 4_to_1(12) / 00:00:00:000 para hangar(06)
Mensaje D / 00:03:30:000 / hangar(06) / 00:00:00:000 para top(01)
Mensaje D / 00:03:30:000 / top(01) / 00:00:00:000 para Root(00)
Mensaje * / 00:03:30:000 / Root(00) para top(01)
Mensaje * / 00:03:30:000 / top(01) para hangar(06)
Mensaje * / 00:03:30:000 / hangar(06) para 4_to_1(12)
Mensaje Y / 00:03:30:000 / 4_to_1(12) / out /    500.11099 para hangar(06)
Mensaje D / 00:03:30:000 / 4_to_1(12) / ... para hangar(06)
Mensaje Y / 00:03:30:000 / hangar(06) / sale_hangar /    500.11099 para top(01)
Mensaje D / 00:03:30:000 / hangar(06) / ... para top(01)
Mensaje X / 00:03:30:000 / top(01) / in /    500.11099 para cola_despegue(04)
Mensaje D / 00:03:30:000 / cola_despegue(04) / 00:00:00:000 para top(01)
Mensaje D / 00:03:30:000 / top(01) / 00:00:00:000 para Root(00)
Mensaje * / 00:03:30:000 / Root(00) para top(01)
Mensaje * / 00:03:30:000 / top(01) para cola_despegue(04)
Mensaje D / 00:03:30:000 / cola_despegue(04) / ... para top(01)
Mensaje D / 00:03:30:000 / top(01) / 00:00:30:000 para Root(00)
Mensaje * / 00:04:00:000 / Root(00) para top(01)
Mensaje * / 00:04:00:000 / top(01) para torre(02)
Mensaje Y / 00:04:00:000 / torre(02) / done_a /      1.00000 para top(01)
Mensaje Y / 00:04:00:000 / torre(02) / done_d /      1.00000 para top(01)
Mensaje D / 00:04:00:000 / torre(02) / ... para top(01)
Mensaje X / 00:04:00:000 / top(01) / done /      1.00000 para cola_aterrizaje(03)
Mensaje X / 00:04:00:000 / top(01) / done /      1.00000 para cola_despegue(04)
Mensaje D / 00:04:00:000 / cola_aterrizaje(03) / 00:00:00:000 para top(01)
Mensaje D / 00:04:00:000 / cola_despegue(04) / 00:00:00:000 para top(01)
Mensaje D / 00:04:00:000 / top(01) / 00:00:00:000 para Root(00)
Mensaje * / 00:04:00:000 / Root(00) para top(01)
Mensaje * / 00:04:00:000 / top(01) para cola_aterrizaje(03)
Mensaje Y / 00:04:00:000 / cola_aterrizaje(03) / out /    999.11102 para top(01)
Mensaje D / 00:04:00:000 / cola_aterrizaje(03) / ... para top(01)
Mensaje X / 00:04:00:000 / top(01) / in_a /    999.11102 para torre(02)
Mensaje Y / 00:04:00:000 / torre(02) / stop_a /      1.00000 para top(01)
Mensaje Y / 00:04:00:000 / torre(02) / stop_d /      1.00000 para top(01)
Mensaje Y / 00:04:00:000 / torre(02) / aterriza /    999.11102 para top(01)
Mensaje D / 00:04:00:000 / torre(02) / 00:01:00:000 para top(01)
Mensaje X / 00:04:00:000 / top(01) / stop /      1.00000 para cola_aterrizaje(03)
Mensaje X / 00:04:00:000 / top(01) / stop /      1.00000 para cola_despegue(04)
Mensaje X / 00:04:00:000 / top(01) / aterriza /    999.11102 para pista(05)
Mensaje D / 00:04:00:000 / cola_aterrizaje(03) / ... para top(01)
Mensaje D / 00:04:00:000 / cola_despegue(04) / ... para top(01)
Mensaje D / 00:04:00:000 / pista(05) / 00:00:00:000 para top(01)
Mensaje D / 00:04:00:000 / top(01) / 00:00:00:000 para Root(00)
Mensaje * / 00:04:00:000 / Root(00) para top(01)
Mensaje * / 00:04:00:000 / top(01) para pista(05)
Mensaje Y / 00:04:00:000 / pista(05) / salida_a /    999.11102 para top(01)
Mensaje D / 00:04:00:000 / pista(05) / ... para top(01)
Mensaje X / 00:04:00:000 / top(01) / in /    999.11102 para hangar(06)
Mensaje X / 00:04:00:000 / hangar(06) / in /    999.11102 para selector(07)
Mensaje D / 00:04:00:000 / selector(07) / 00:00:30:000 para hangar(06)
Mensaje D / 00:04:00:000 / hangar(06) / 00:00:30:000 para top(01)
Mensaje D / 00:04:00:000 / top(01) / 00:00:30:000 para Root(00)
Mensaje * / 00:04:30:000 / Root(00) para top(01)
Mensaje * / 00:04:30:000 / top(01) para hangar(06)
Mensaje * / 00:04:30:000 / hangar(06) para selector(07)
Mensaje Y / 00:04:30:000 / selector(07) / out4 /    999.11102 para hangar(06)
Mensaje D / 00:04:30:000 / selector(07) / ... para hangar(06)
Mensaje X / 00:04:30:000 / hangar(06) / in /    999.11102 para deposito4(11)
Mensaje D / 00:04:30:000 / deposito4(11) / 00:00:00:000 para hangar(06)
Mensaje D / 00:04:30:000 / hangar(06) / 00:00:00:000 para top(01)
Mensaje D / 00:04:30:000 / top(01) / 00:00:00:000 para Root(00)
Mensaje * / 00:04:30:000 / Root(00) para top(01)
Mensaje * / 00:04:30:000 / top(01) para hangar(06)
Mensaje * / 00:04:30:000 / hangar(06) para deposito4(11)
Mensaje Y / 00:04:30:000 / deposito4(11) / out /    999.11102 para hangar(06)
Mensaje D / 00:04:30:000 / deposito4(11) / ... para hangar(06)
Mensaje X / 00:04:30:000 / hangar(06) / in4 /    999.11102 para 4_to_1(12)
Mensaje D / 00:04:30:000 / 4_to_1(12) / 00:00:00:000 para hangar(06)
Mensaje D / 00:04:30:000 / hangar(06) / 00:00:00:000 para top(01)
Mensaje D / 00:04:30:000 / top(01) / 00:00:00:000 para Root(00)
Mensaje * / 00:04:30:000 / Root(00) para top(01)
Mensaje * / 00:04:30:000 / top(01) para hangar(06)
Mensaje * / 00:04:30:000 / hangar(06) para 4_to_1(12)
Mensaje Y / 00:04:30:000 / 4_to_1(12) / out /    999.11102 para hangar(06)
Mensaje D / 00:04:30:000 / 4_to_1(12) / ... para hangar(06)
Mensaje Y / 00:04:30:000 / hangar(06) / sale_hangar /    999.11102 para top(01)
Mensaje D / 00:04:30:000 / hangar(06) / ... para top(01)
Mensaje X / 00:04:30:000 / top(01) / in /    999.11102 para cola_despegue(04)
Mensaje D / 00:04:30:000 / cola_despegue(04) / 00:00:00:000 para top(01)
Mensaje D / 00:04:30:000 / top(01) / 00:00:00:000 para Root(00)
Mensaje * / 00:04:30:000 / Root(00) para top(01)
Mensaje * / 00:04:30:000 / top(01) para cola_despegue(04)
Mensaje D / 00:04:30:000 / cola_despegue(04) / ... para top(01)
Mensaje D / 00:04:30:000 / top(01) / 00:00:30:000 para Root(00)
Mensaje * / 00:05:00:000 / Root(00) para top(01)
Mensaje * / 00:05:00:000 / top(01) para torre(02)
Mensaje Y / 00:05:00:000 / torre(02) / done_a /      1.00000 para top(01)
Mensaje Y / 00:05:00:000 / torre(02) / done_d /      1.00000 para top(01)
Mensaje D / 00:05:00:000 / torre(02) / ... para top(01)
Mensaje X / 00:05:00:000 / top(01) / done /      1.00000 para cola_aterrizaje(03)
Mensaje X / 00:05:00:000 / top(01) / done /      1.00000 para cola_despegue(04)
Mensaje D / 00:05:00:000 / cola_aterrizaje(03) / 00:00:00:000 para top(01)
Mensaje D / 00:05:00:000 / cola_despegue(04) / 00:00:00:000 para top(01)
Mensaje D / 00:05:00:000 / top(01) / 00:00:00:000 para Root(00)
Mensaje * / 00:05:00:000 / Root(00) para top(01)
Mensaje * / 00:05:00:000 / top(01) para cola_aterrizaje(03)
Mensaje Y / 00:05:00:000 / cola_aterrizaje(03) / out /    900.11102 para top(01)
Mensaje D / 00:05:00:000 / cola_aterrizaje(03) / ... para top(01)
Mensaje X / 00:05:00:000 / top(01) / in_a /    900.11102 para torre(02)
Mensaje Y / 00:05:00:000 / torre(02) / stop_a /      1.00000 para top(01)
Mensaje Y / 00:05:00:000 / torre(02) / stop_d /      1.00000 para top(01)
Mensaje Y / 00:05:00:000 / torre(02) / aterriza /    900.11102 para top(01)
Mensaje D / 00:05:00:000 / torre(02) / 00:01:00:000 para top(01)
Mensaje X / 00:05:00:000 / top(01) / stop /      1.00000 para cola_aterrizaje(03)
Mensaje X / 00:05:00:000 / top(01) / stop /      1.00000 para cola_despegue(04)
Mensaje X / 00:05:00:000 / top(01) / aterriza /    900.11102 para pista(05)
Mensaje D / 00:05:00:000 / cola_aterrizaje(03) / ... para top(01)
Mensaje D / 00:05:00:000 / cola_despegue(04) / ... para top(01)
Mensaje D / 00:05:00:000 / pista(05) / 00:00:00:000 para top(01)
Mensaje D / 00:05:00:000 / top(01) / 00:00:00:000 para Root(00)
Mensaje * / 00:05:00:000 / Root(00) para top(01)
Mensaje * / 00:05:00:000 / top(01) para pista(05)
Mensaje Y / 00:05:00:000 / pista(05) / salida_a /    900.11102 para top(01)
Mensaje D / 00:05:00:000 / pista(05) / ... para top(01)
Mensaje X / 00:05:00:000 / top(01) / in /    900.11102 para hangar(06)
Mensaje X / 00:05:00:000 / hangar(06) / in /    900.11102 para selector(07)
Mensaje D / 00:05:00:000 / selector(07) / 00:00:30:000 para hangar(06)
Mensaje D / 00:05:00:000 / hangar(06) / 00:00:30:000 para top(01)
Mensaje D / 00:05:00:000 / top(01) / 00:00:30:000 para Root(00)
Mensaje * / 00:05:30:000 / Root(00) para top(01)
Mensaje * / 00:05:30:000 / top(01) para hangar(06)
Mensaje * / 00:05:30:000 / hangar(06) para selector(07)
Mensaje Y / 00:05:30:000 / selector(07) / out4 /    900.11102 para hangar(06)
Mensaje D / 00:05:30:000 / selector(07) / ... para hangar(06)
Mensaje X / 00:05:30:000 / hangar(06) / in /    900.11102 para deposito4(11)
Mensaje D / 00:05:30:000 / deposito4(11) / 00:00:00:000 para hangar(06)
Mensaje D / 00:05:30:000 / hangar(06) / 00:00:00:000 para top(01)
Mensaje D / 00:05:30:000 / top(01) / 00:00:00:000 para Root(00)
Mensaje * / 00:05:30:000 / Root(00) para top(01)
Mensaje * / 00:05:30:000 / top(01) para hangar(06)
Mensaje * / 00:05:30:000 / hangar(06) para deposito4(11)
Mensaje Y / 00:05:30:000 / deposito4(11) / out /    900.11102 para hangar(06)
Mensaje D / 00:05:30:000 / deposito4(11) / ... para hangar(06)
Mensaje X / 00:05:30:000 / hangar(06) / in4 /    900.11102 para 4_to_1(12)
Mensaje D / 00:05:30:000 / 4_to_1(12) / 00:00:00:000 para hangar(06)
Mensaje D / 00:05:30:000 / hangar(06) / 00:00:00:000 para top(01)
Mensaje D / 00:05:30:000 / top(01) / 00:00:00:000 para Root(00)
Mensaje * / 00:05:30:000 / Root(00) para top(01)
Mensaje * / 00:05:30:000 / top(01) para hangar(06)
Mensaje * / 00:05:30:000 / hangar(06) para 4_to_1(12)
Mensaje Y / 00:05:30:000 / 4_to_1(12) / out /    900.11102 para hangar(06)
Mensaje D / 00:05:30:000 / 4_to_1(12) / ... para hangar(06)
Mensaje Y / 00:05:30:000 / hangar(06) / sale_hangar /    900.11102 para top(01)
Mensaje D / 00:05:30:000 / hangar(06) / ... para top(01)
Mensaje X / 00:05:30:000 / top(01) / in /    900.11102 para cola_despegue(04)
Mensaje D / 00:05:30:000 / cola_despegue(04) / 00:00:00:000 para top(01)
Mensaje D / 00:05:30:000 / top(01) / 00:00:00:000 para Root(00)
Mensaje * / 00:05:30:000 / Root(00) para top(01)
Mensaje * / 00:05:30:000 / top(01) para cola_despegue(04)
Mensaje D / 00:05:30:000 / cola_despegue(04) / ... para top(01)
Mensaje D / 00:05:30:000 / top(01) / 00:00:30:000 para Root(00)
Mensaje * / 00:06:00:000 / Root(00) para top(01)
Mensaje * / 00:06:00:000 / top(01) para torre(02)
Mensaje Y / 00:06:00:000 / torre(02) / done_a /      1.00000 para top(01)
Mensaje Y / 00:06:00:000 / torre(02) / done_d /      1.00000 para top(01)
Mensaje D / 00:06:00:000 / torre(02) / ... para top(01)
Mensaje X / 00:06:00:000 / top(01) / done /      1.00000 para cola_aterrizaje(03)
Mensaje X / 00:06:00:000 / top(01) / done /      1.00000 para cola_despegue(04)
Mensaje D / 00:06:00:000 / cola_aterrizaje(03) / 00:00:00:000 para top(01)
Mensaje D / 00:06:00:000 / cola_despegue(04) / 00:00:00:000 para top(01)
Mensaje D / 00:06:00:000 / top(01) / 00:00:00:000 para Root(00)
Mensaje * / 00:06:00:000 / Root(00) para top(01)
Mensaje * / 00:06:00:000 / top(01) para cola_aterrizaje(03)
Mensaje Y / 00:06:00:000 / cola_aterrizaje(03) / out /      2.22200 para top(01)
Mensaje D / 00:06:00:000 / cola_aterrizaje(03) / ... para top(01)
Mensaje X / 00:06:00:000 / top(01) / in_a /      2.22200 para torre(02)
Mensaje Y / 00:06:00:000 / torre(02) / stop_a /      1.00000 para top(01)
Mensaje Y / 00:06:00:000 / torre(02) / stop_d /      1.00000 para top(01)
Mensaje Y / 00:06:00:000 / torre(02) / aterriza /      2.22200 para top(01)
Mensaje D / 00:06:00:000 / torre(02) / 00:01:00:000 para top(01)
Mensaje X / 00:06:00:000 / top(01) / stop /      1.00000 para cola_aterrizaje(03)
Mensaje X / 00:06:00:000 / top(01) / stop /      1.00000 para cola_despegue(04)
Mensaje X / 00:06:00:000 / top(01) / aterriza /      2.22200 para pista(05)
Mensaje D / 00:06:00:000 / cola_aterrizaje(03) / ... para top(01)
Mensaje D / 00:06:00:000 / cola_despegue(04) / ... para top(01)
Mensaje D / 00:06:00:000 / pista(05) / 00:00:00:000 para top(01)
Mensaje D / 00:06:00:000 / top(01) / 00:00:00:000 para Root(00)
Mensaje * / 00:06:00:000 / Root(00) para top(01)
Mensaje * / 00:06:00:000 / top(01) para pista(05)
Mensaje Y / 00:06:00:000 / pista(05) / salida_a /      2.22200 para top(01)
Mensaje D / 00:06:00:000 / pista(05) / ... para top(01)
Mensaje X / 00:06:00:000 / top(01) / in /      2.22200 para hangar(06)
Mensaje X / 00:06:00:000 / hangar(06) / in /      2.22200 para selector(07)
Mensaje D / 00:06:00:000 / selector(07) / 00:00:30:000 para hangar(06)
Mensaje D / 00:06:00:000 / hangar(06) / 00:00:30:000 para top(01)
Mensaje D / 00:06:00:000 / top(01) / 00:00:30:000 para Root(00)
Mensaje * / 00:06:30:000 / Root(00) para top(01)
Mensaje * / 00:06:30:000 / top(01) para hangar(06)
Mensaje * / 00:06:30:000 / hangar(06) para selector(07)
Mensaje Y / 00:06:30:000 / selector(07) / out1 /      2.22200 para hangar(06)
Mensaje D / 00:06:30:000 / selector(07) / ... para hangar(06)
Mensaje X / 00:06:30:000 / hangar(06) / in /      2.22200 para deposito1(08)
Mensaje D / 00:06:30:000 / deposito1(08) / 00:00:00:000 para hangar(06)
Mensaje D / 00:06:30:000 / hangar(06) / 00:00:00:000 para top(01)
Mensaje D / 00:06:30:000 / top(01) / 00:00:00:000 para Root(00)
Mensaje * / 00:06:30:000 / Root(00) para top(01)
Mensaje * / 00:06:30:000 / top(01) para hangar(06)
Mensaje * / 00:06:30:000 / hangar(06) para deposito1(08)
Mensaje Y / 00:06:30:000 / deposito1(08) / out /      2.22200 para hangar(06)
Mensaje D / 00:06:30:000 / deposito1(08) / ... para hangar(06)
Mensaje X / 00:06:30:000 / hangar(06) / in1 /      2.22200 para 4_to_1(12)
Mensaje D / 00:06:30:000 / 4_to_1(12) / 00:00:00:000 para hangar(06)
Mensaje D / 00:06:30:000 / hangar(06) / 00:00:00:000 para top(01)
Mensaje D / 00:06:30:000 / top(01) / 00:00:00:000 para Root(00)
Mensaje * / 00:06:30:000 / Root(00) para top(01)
Mensaje * / 00:06:30:000 / top(01) para hangar(06)
Mensaje * / 00:06:30:000 / hangar(06) para 4_to_1(12)
Mensaje Y / 00:06:30:000 / 4_to_1(12) / out /      2.22200 para hangar(06)
Mensaje D / 00:06:30:000 / 4_to_1(12) / ... para hangar(06)
Mensaje Y / 00:06:30:000 / hangar(06) / sale_hangar /      2.22200 para top(01)
Mensaje D / 00:06:30:000 / hangar(06) / ... para top(01)
Mensaje X / 00:06:30:000 / top(01) / in /      2.22200 para cola_despegue(04)
Mensaje D / 00:06:30:000 / cola_despegue(04) / 00:00:00:000 para top(01)
Mensaje D / 00:06:30:000 / top(01) / 00:00:00:000 para Root(00)
Mensaje * / 00:06:30:000 / Root(00) para top(01)
Mensaje * / 00:06:30:000 / top(01) para cola_despegue(04)
Mensaje D / 00:06:30:000 / cola_despegue(04) / ... para top(01)
Mensaje D / 00:06:30:000 / top(01) / 00:00:30:000 para Root(00)
Mensaje * / 00:07:00:000 / Root(00) para top(01)
Mensaje * / 00:07:00:000 / top(01) para torre(02)
Mensaje Y / 00:07:00:000 / torre(02) / done_a /      1.00000 para top(01)
Mensaje Y / 00:07:00:000 / torre(02) / done_d /      1.00000 para top(01)
Mensaje D / 00:07:00:000 / torre(02) / ... para top(01)
Mensaje X / 00:07:00:000 / top(01) / done /      1.00000 para cola_aterrizaje(03)
Mensaje X / 00:07:00:000 / top(01) / done /      1.00000 para cola_despegue(04)
Mensaje D / 00:07:00:000 / cola_aterrizaje(03) / 00:00:00:000 para top(01)
Mensaje D / 00:07:00:000 / cola_despegue(04) / 00:00:00:000 para top(01)
Mensaje D / 00:07:00:000 / top(01) / 00:00:00:000 para Root(00)
Mensaje * / 00:07:00:000 / Root(00) para top(01)
Mensaje * / 00:07:00:000 / top(01) para cola_aterrizaje(03)
Mensaje D / 00:07:00:000 / cola_aterrizaje(03) / ... para top(01)
Mensaje D / 00:07:00:000 / top(01) / 00:00:00:000 para Root(00)
Mensaje * / 00:07:00:000 / Root(00) para top(01)
Mensaje * / 00:07:00:000 / top(01) para cola_despegue(04)
Mensaje Y / 00:07:00:000 / cola_despegue(04) / out /      1.11100 para top(01)
Mensaje D / 00:07:00:000 / cola_despegue(04) / ... para top(01)
Mensaje X / 00:07:00:000 / top(01) / in_d /      1.11100 para torre(02)
Mensaje Y / 00:07:00:000 / torre(02) / stop_a /      1.00000 para top(01)
Mensaje Y / 00:07:00:000 / torre(02) / stop_d /      1.00000 para top(01)
Mensaje Y / 00:07:00:000 / torre(02) / despega /      1.11100 para top(01)
Mensaje D / 00:07:00:000 / torre(02) / 00:01:00:000 para top(01)
Mensaje X / 00:07:00:000 / top(01) / stop /      1.00000 para cola_aterrizaje(03)
Mensaje X / 00:07:00:000 / top(01) / stop /      1.00000 para cola_despegue(04)
Mensaje X / 00:07:00:000 / top(01) / despega /      1.11100 para pista(05)
Mensaje D / 00:07:00:000 / cola_aterrizaje(03) / ... para top(01)
Mensaje D / 00:07:00:000 / cola_despegue(04) / ... para top(01)
Mensaje D / 00:07:00:000 / pista(05) / 00:00:00:000 para top(01)
Mensaje D / 00:07:00:000 / top(01) / 00:00:00:000 para Root(00)
Mensaje * / 00:07:00:000 / Root(00) para top(01)
Mensaje * / 00:07:00:000 / top(01) para pista(05)
Mensaje Y / 00:07:00:000 / pista(05) / salida_d /      1.11100 para top(01)
Mensaje D / 00:07:00:000 / pista(05) / ... para top(01)
Mensaje Y / 00:07:00:000 / top(01) / out_d /      1.11100 para Root(00)
Mensaje D / 00:07:00:000 / top(01) / 00:01:00:000 para Root(00)
Mensaje * / 00:08:00:000 / Root(00) para top(01)
Mensaje * / 00:08:00:000 / top(01) para torre(02)
Mensaje Y / 00:08:00:000 / torre(02) / done_a /      1.00000 para top(01)
Mensaje Y / 00:08:00:000 / torre(02) / done_d /      1.00000 para top(01)
Mensaje D / 00:08:00:000 / torre(02) / ... para top(01)
Mensaje X / 00:08:00:000 / top(01) / done /      1.00000 para cola_aterrizaje(03)
Mensaje X / 00:08:00:000 / top(01) / done /      1.00000 para cola_despegue(04)
Mensaje D / 00:08:00:000 / cola_aterrizaje(03) / 00:00:00:000 para top(01)
Mensaje D / 00:08:00:000 / cola_despegue(04) / 00:00:00:000 para top(01)
Mensaje D / 00:08:00:000 / top(01) / 00:00:00:000 para Root(00)
Mensaje * / 00:08:00:000 / Root(00) para top(01)
Mensaje * / 00:08:00:000 / top(01) para cola_aterrizaje(03)
Mensaje D / 00:08:00:000 / cola_aterrizaje(03) / ... para top(01)
Mensaje D / 00:08:00:000 / top(01) / 00:00:00:000 para Root(00)
Mensaje * / 00:08:00:000 / Root(00) para top(01)
Mensaje * / 00:08:00:000 / top(01) para cola_despegue(04)
Mensaje Y / 00:08:00:000 / cola_despegue(04) / out /    250.11099 para top(01)
Mensaje D / 00:08:00:000 / cola_despegue(04) / ... para top(01)
Mensaje X / 00:08:00:000 / top(01) / in_d /    250.11099 para torre(02)
Mensaje Y / 00:08:00:000 / torre(02) / stop_a /      1.00000 para top(01)
Mensaje Y / 00:08:00:000 / torre(02) / stop_d /      1.00000 para top(01)
Mensaje Y / 00:08:00:000 / torre(02) / despega /    250.11099 para top(01)
Mensaje D / 00:08:00:000 / torre(02) / 00:01:00:000 para top(01)
Mensaje X / 00:08:00:000 / top(01) / stop /      1.00000 para cola_aterrizaje(03)
Mensaje X / 00:08:00:000 / top(01) / stop /      1.00000 para cola_despegue(04)
Mensaje X / 00:08:00:000 / top(01) / despega /    250.11099 para pista(05)
Mensaje D / 00:08:00:000 / cola_aterrizaje(03) / ... para top(01)
Mensaje D / 00:08:00:000 / cola_despegue(04) / ... para top(01)
Mensaje D / 00:08:00:000 / pista(05) / 00:00:00:000 para top(01)
Mensaje D / 00:08:00:000 / top(01) / 00:00:00:000 para Root(00)
Mensaje * / 00:08:00:000 / Root(00) para top(01)
Mensaje * / 00:08:00:000 / top(01) para pista(05)
Mensaje Y / 00:08:00:000 / pista(05) / salida_d /    250.11099 para top(01)
Mensaje D / 00:08:00:000 / pista(05) / ... para top(01)
Mensaje Y / 00:08:00:000 / top(01) / out_d /    250.11099 para Root(00)
Mensaje D / 00:08:00:000 / top(01) / 00:01:00:000 para Root(00)
Mensaje * / 00:09:00:000 / Root(00) para top(01)
Mensaje * / 00:09:00:000 / top(01) para torre(02)
Mensaje Y / 00:09:00:000 / torre(02) / done_a /      1.00000 para top(01)
Mensaje Y / 00:09:00:000 / torre(02) / done_d /      1.00000 para top(01)
Mensaje D / 00:09:00:000 / torre(02) / ... para top(01)
Mensaje X / 00:09:00:000 / top(01) / done /      1.00000 para cola_aterrizaje(03)
Mensaje X / 00:09:00:000 / top(01) / done /      1.00000 para cola_despegue(04)
Mensaje D / 00:09:00:000 / cola_aterrizaje(03) / 00:00:00:000 para top(01)
Mensaje D / 00:09:00:000 / cola_despegue(04) / 00:00:00:000 para top(01)
Mensaje D / 00:09:00:000 / top(01) / 00:00:00:000 para Root(00)
Mensaje * / 00:09:00:000 / Root(00) para top(01)
Mensaje * / 00:09:00:000 / top(01) para cola_aterrizaje(03)
Mensaje D / 00:09:00:000 / cola_aterrizaje(03) / ... para top(01)
Mensaje D / 00:09:00:000 / top(01) / 00:00:00:000 para Root(00)
Mensaje * / 00:09:00:000 / Root(00) para top(01)
Mensaje * / 00:09:00:000 / top(01) para cola_despegue(04)
Mensaje Y / 00:09:00:000 / cola_despegue(04) / out /    500.11099 para top(01)
Mensaje D / 00:09:00:000 / cola_despegue(04) / ... para top(01)
Mensaje X / 00:09:00:000 / top(01) / in_d /    500.11099 para torre(02)
Mensaje Y / 00:09:00:000 / torre(02) / stop_a /      1.00000 para top(01)
Mensaje Y / 00:09:00:000 / torre(02) / stop_d /      1.00000 para top(01)
Mensaje Y / 00:09:00:000 / torre(02) / despega /    500.11099 para top(01)
Mensaje D / 00:09:00:000 / torre(02) / 00:01:00:000 para top(01)
Mensaje X / 00:09:00:000 / top(01) / stop /      1.00000 para cola_aterrizaje(03)
Mensaje X / 00:09:00:000 / top(01) / stop /      1.00000 para cola_despegue(04)
Mensaje X / 00:09:00:000 / top(01) / despega /    500.11099 para pista(05)
Mensaje D / 00:09:00:000 / cola_aterrizaje(03) / ... para top(01)
Mensaje D / 00:09:00:000 / cola_despegue(04) / ... para top(01)
Mensaje D / 00:09:00:000 / pista(05) / 00:00:00:000 para top(01)
Mensaje D / 00:09:00:000 / top(01) / 00:00:00:000 para Root(00)
Mensaje * / 00:09:00:000 / Root(00) para top(01)
Mensaje * / 00:09:00:000 / top(01) para pista(05)
Mensaje Y / 00:09:00:000 / pista(05) / salida_d /    500.11099 para top(01)
Mensaje D / 00:09:00:000 / pista(05) / ... para top(01)
Mensaje Y / 00:09:00:000 / top(01) / out_d /    500.11099 para Root(00)
Mensaje D / 00:09:00:000 / top(01) / 00:01:00:000 para Root(00)
Mensaje * / 00:10:00:000 / Root(00) para top(01)
Mensaje * / 00:10:00:000 / top(01) para torre(02)
Mensaje Y / 00:10:00:000 / torre(02) / done_a /      1.00000 para top(01)
Mensaje Y / 00:10:00:000 / torre(02) / done_d /      1.00000 para top(01)
Mensaje D / 00:10:00:000 / torre(02) / ... para top(01)
Mensaje X / 00:10:00:000 / top(01) / done /      1.00000 para cola_aterrizaje(03)
Mensaje X / 00:10:00:000 / top(01) / done /      1.00000 para cola_despegue(04)
Mensaje D / 00:10:00:000 / cola_aterrizaje(03) / 00:00:00:000 para top(01)
Mensaje D / 00:10:00:000 / cola_despegue(04) / 00:00:00:000 para top(01)
Mensaje D / 00:10:00:000 / top(01) / 00:00:00:000 para Root(00)
Mensaje * / 00:10:00:000 / Root(00) para top(01)
Mensaje * / 00:10:00:000 / top(01) para cola_aterrizaje(03)
Mensaje D / 00:10:00:000 / cola_aterrizaje(03) / ... para top(01)
Mensaje D / 00:10:00:000 / top(01) / 00:00:00:000 para Root(00)
Mensaje * / 00:10:00:000 / Root(00) para top(01)
Mensaje * / 00:10:00:000 / top(01) para cola_despegue(04)
Mensaje Y / 00:10:00:000 / cola_despegue(04) / out /    999.11102 para top(01)
Mensaje D / 00:10:00:000 / cola_despegue(04) / ... para top(01)
Mensaje X / 00:10:00:000 / top(01) / in_d /    999.11102 para torre(02)
Mensaje Y / 00:10:00:000 / torre(02) / stop_a /      1.00000 para top(01)
Mensaje Y / 00:10:00:000 / torre(02) / stop_d /      1.00000 para top(01)
Mensaje Y / 00:10:00:000 / torre(02) / despega /    999.11102 para top(01)
Mensaje D / 00:10:00:000 / torre(02) / 00:01:00:000 para top(01)
Mensaje X / 00:10:00:000 / top(01) / stop /      1.00000 para cola_aterrizaje(03)
Mensaje X / 00:10:00:000 / top(01) / stop /      1.00000 para cola_despegue(04)
Mensaje X / 00:10:00:000 / top(01) / despega /    999.11102 para pista(05)
Mensaje D / 00:10:00:000 / cola_aterrizaje(03) / ... para top(01)
Mensaje D / 00:10:00:000 / cola_despegue(04) / ... para top(01)
Mensaje D / 00:10:00:000 / pista(05) / 00:00:00:000 para top(01)
Mensaje D / 00:10:00:000 / top(01) / 00:00:00:000 para Root(00)
Mensaje * / 00:10:00:000 / Root(00) para top(01)
Mensaje * / 00:10:00:000 / top(01) para pista(05)
Mensaje Y / 00:10:00:000 / pista(05) / salida_d /    999.11102 para top(01)
Mensaje D / 00:10:00:000 / pista(05) / ... para top(01)
Mensaje Y / 00:10:00:000 / top(01) / out_d /    999.11102 para Root(00)
Mensaje D / 00:10:00:000 / top(01) / 00:01:00:000 para Root(00)
Mensaje * / 00:11:00:000 / Root(00) para top(01)
Mensaje * / 00:11:00:000 / top(01) para torre(02)
Mensaje Y / 00:11:00:000 / torre(02) / done_a /      1.00000 para top(01)
Mensaje Y / 00:11:00:000 / torre(02) / done_d /      1.00000 para top(01)
Mensaje D / 00:11:00:000 / torre(02) / ... para top(01)
Mensaje X / 00:11:00:000 / top(01) / done /      1.00000 para cola_aterrizaje(03)
Mensaje X / 00:11:00:000 / top(01) / done /      1.00000 para cola_despegue(04)
Mensaje D / 00:11:00:000 / cola_aterrizaje(03) / 00:00:00:000 para top(01)
Mensaje D / 00:11:00:000 / cola_despegue(04) / 00:00:00:000 para top(01)
Mensaje D / 00:11:00:000 / top(01) / 00:00:00:000 para Root(00)
Mensaje * / 00:11:00:000 / Root(00) para top(01)
Mensaje * / 00:11:00:000 / top(01) para cola_aterrizaje(03)
Mensaje D / 00:11:00:000 / cola_aterrizaje(03) / ... para top(01)
Mensaje D / 00:11:00:000 / top(01) / 00:00:00:000 para Root(00)
Mensaje * / 00:11:00:000 / Root(00) para top(01)
Mensaje * / 00:11:00:000 / top(01) para cola_despegue(04)
Mensaje Y / 00:11:00:000 / cola_despegue(04) / out /    900.11102 para top(01)
Mensaje D / 00:11:00:000 / cola_despegue(04) / ... para top(01)
Mensaje X / 00:11:00:000 / top(01) / in_d /    900.11102 para torre(02)
Mensaje Y / 00:11:00:000 / torre(02) / stop_a /      1.00000 para top(01)
Mensaje Y / 00:11:00:000 / torre(02) / stop_d /      1.00000 para top(01)
Mensaje Y / 00:11:00:000 / torre(02) / despega /    900.11102 para top(01)
Mensaje D / 00:11:00:000 / torre(02) / 00:01:00:000 para top(01)
Mensaje X / 00:11:00:000 / top(01) / stop /      1.00000 para cola_aterrizaje(03)
Mensaje X / 00:11:00:000 / top(01) / stop /      1.00000 para cola_despegue(04)
Mensaje X / 00:11:00:000 / top(01) / despega /    900.11102 para pista(05)
Mensaje D / 00:11:00:000 / cola_aterrizaje(03) / ... para top(01)
Mensaje D / 00:11:00:000 / cola_despegue(04) / ... para top(01)
Mensaje D / 00:11:00:000 / pista(05) / 00:00:00:000 para top(01)
Mensaje D / 00:11:00:000 / top(01) / 00:00:00:000 para Root(00)
Mensaje * / 00:11:00:000 / Root(00) para top(01)
Mensaje * / 00:11:00:000 / top(01) para pista(05)
Mensaje Y / 00:11:00:000 / pista(05) / salida_d /    900.11102 para top(01)
Mensaje D / 00:11:00:000 / pista(05) / ... para top(01)
Mensaje Y / 00:11:00:000 / top(01) / out_d /    900.11102 para Root(00)
Mensaje D / 00:11:00:000 / top(01) / 00:01:00:000 para Root(00)
Mensaje * / 00:12:00:000 / Root(00) para top(01)
Mensaje * / 00:12:00:000 / top(01) para torre(02)
Mensaje Y / 00:12:00:000 / torre(02) / done_a /      1.00000 para top(01)
Mensaje Y / 00:12:00:000 / torre(02) / done_d /      1.00000 para top(01)
Mensaje D / 00:12:00:000 / torre(02) / ... para top(01)
Mensaje X / 00:12:00:000 / top(01) / done /      1.00000 para cola_aterrizaje(03)
Mensaje X / 00:12:00:000 / top(01) / done /      1.00000 para cola_despegue(04)
Mensaje D / 00:12:00:000 / cola_aterrizaje(03) / 00:00:00:000 para top(01)
Mensaje D / 00:12:00:000 / cola_despegue(04) / 00:00:00:000 para top(01)
Mensaje D / 00:12:00:000 / top(01) / 00:00:00:000 para Root(00)
Mensaje * / 00:12:00:000 / Root(00) para top(01)
Mensaje * / 00:12:00:000 / top(01) para cola_aterrizaje(03)
Mensaje D / 00:12:00:000 / cola_aterrizaje(03) / ... para top(01)
Mensaje D / 00:12:00:000 / top(01) / 00:00:00:000 para Root(00)
Mensaje * / 00:12:00:000 / Root(00) para top(01)
Mensaje * / 00:12:00:000 / top(01) para cola_despegue(04)
Mensaje Y / 00:12:00:000 / cola_despegue(04) / out /      2.22200 para top(01)
Mensaje D / 00:12:00:000 / cola_despegue(04) / ... para top(01)
Mensaje X / 00:12:00:000 / top(01) / in_d /      2.22200 para torre(02)
Mensaje Y / 00:12:00:000 / torre(02) / stop_a /      1.00000 para top(01)
Mensaje Y / 00:12:00:000 / torre(02) / stop_d /      1.00000 para top(01)
Mensaje Y / 00:12:00:000 / torre(02) / despega /      2.22200 para top(01)
Mensaje D / 00:12:00:000 / torre(02) / 00:01:00:000 para top(01)
Mensaje X / 00:12:00:000 / top(01) / stop /      1.00000 para cola_aterrizaje(03)
Mensaje X / 00:12:00:000 / top(01) / stop /      1.00000 para cola_despegue(04)
Mensaje X / 00:12:00:000 / top(01) / despega /      2.22200 para pista(05)
Mensaje D / 00:12:00:000 / cola_aterrizaje(03) / ... para top(01)
Mensaje D / 00:12:00:000 / cola_despegue(04) / ... para top(01)
Mensaje D / 00:12:00:000 / pista(05) / 00:00:00:000 para top(01)
Mensaje D / 00:12:00:000 / top(01) / 00:00:00:000 para Root(00)
Mensaje * / 00:12:00:000 / Root(00) para top(01)
Mensaje * / 00:12:00:000 / top(01) para pista(05)
Mensaje Y / 00:12:00:000 / pista(05) / salida_d /      2.22200 para top(01)
Mensaje D / 00:12:00:000 / pista(05) / ... para top(01)
Mensaje Y / 00:12:00:000 / top(01) / out_d /      2.22200 para Root(00)
Mensaje D / 00:12:00:000 / top(01) / 00:01:00:000 para Root(00)
Mensaje * / 00:13:00:000 / Root(00) para top(01)
Mensaje * / 00:13:00:000 / top(01) para torre(02)
Mensaje Y / 00:13:00:000 / torre(02) / done_a /      1.00000 para top(01)
Mensaje Y / 00:13:00:000 / torre(02) / done_d /      1.00000 para top(01)
Mensaje D / 00:13:00:000 / torre(02) / ... para top(01)
Mensaje X / 00:13:00:000 / top(01) / done /      1.00000 para cola_aterrizaje(03)
Mensaje X / 00:13:00:000 / top(01) / done /      1.00000 para cola_despegue(04)
Mensaje D / 00:13:00:000 / cola_aterrizaje(03) / 00:00:00:000 para top(01)
Mensaje D / 00:13:00:000 / cola_despegue(04) / 00:00:00:000 para top(01)
Mensaje D / 00:13:00:000 / top(01) / 00:00:00:000 para Root(00)
Mensaje * / 00:13:00:000 / Root(00) para top(01)
Mensaje * / 00:13:00:000 / top(01) para cola_aterrizaje(03)
Mensaje D / 00:13:00:000 / cola_aterrizaje(03) / ... para top(01)
Mensaje D / 00:13:00:000 / top(01) / 00:00:00:000 para Root(00)
Mensaje * / 00:13:00:000 / Root(00) para top(01)
Mensaje * / 00:13:00:000 / top(01) para cola_despegue(04)
Mensaje D / 00:13:00:000 / cola_despegue(04) / ... para top(01)
Mensaje D / 00:13:00:000 / top(01) / ... para Root(00)
